<?xml version="1.0" encoding="UTF-8"?>
<testsuites name="TS_Login_Success_ByTDLogin" time="183.435" tests="3" failures="0" errors="0">
   <testsuite name="TS_Login_Success_ByTDLogin" tests="3" failures="0" errors="0" time="183.435" skipped="0" timestamp="2022-08-19 09:08:41" hostname="invel - host.docker.internal" id="Test Suites/TS_Login_Success_ByTDLogin">
      <properties>
         <property name="deviceName" value=""/>
         <property name="devicePlatform" value=""/>
         <property name="logFolder" value="C:\\Users\\invel\\git\\MyTestProject\\Reports\\20220819_090838\\TS_Login_Success_ByTDLogin\\20220819_090838"/>
         <property name="logFiles" value="C:\\Users\\invel\\git\\MyTestProject\\Reports\\20220819_090838\\TS_Login_Success_ByTDLogin\\20220819_090838\\execution0.log"/>
         <property name="attachments" value=""/>
         <property name="hostName" value="invel - host.docker.internal"/>
         <property name="os" value="Windows 10 64bit"/>
         <property name="katalonVersion" value="8.4.0.208"/>
         <property name="browser" value="Chrome 104.0.5112.81"/>
         <property name="hostAddress" value="192.168.1.4"/>
         <property name="sessionId" value="369d8440d91669877a761cc1416d4fd1"/>
         <property name="seleniumVersion" value="3.141.59"/>
         <property name="proxyInformation" value="ProxyInformation { proxyOption=NO_PROXY, proxyServerType=HTTP, username=, password=********, proxyServerAddress=, proxyServerPort=0, executionList=&quot;&quot;, isApplyToDesiredCapabilities=true }"/>
         <property name="platform" value="Windows 10"/>
      </properties>
      <testcase name="Test Cases/TC_Login_Success" time="41.673" classname="Test Cases/TC_Login_Success" status="PASSED">
         <system-out><![CDATA[2022-08-19 09:08:41 - [TEST_CASE][PASSED] - Test Cases/TC_Login_Success: Test Cases/TC_Login_Success

2022-08-19 09:08:42 - [TEST_STEP][PASSED] - openBrowser(""): Browser is opened with url: ''

2022-08-19 09:08:42 - [MESSAGE][INFO] - Starting 'Chrome' driver

2022-08-19 09:08:42 - [MESSAGE][INFO] - Action delay is set to 0 milliseconds

2022-08-19 09:08:44 - [MESSAGE][PASSED] - Browser is opened with url: ''

2022-08-19 09:08:44 - [TEST_STEP][PASSED] - navigateToUrl("http://demokoperasi.invelli.com/general/adminlogin/"): Navigate to 'http://demokoperasi.invelli.com/general/adminlogin/' successfully

2022-08-19 09:08:45 - [MESSAGE][PASSED] - Navigate to 'http://demokoperasi.invelli.com/general/adminlogin/' successfully

2022-08-19 09:08:45 - [TEST_STEP][PASSED] - setText(findTestObject("Object Repository/Page_/input_Sign In_username"), username): Text 'admin@makmurbersama.co.id' is set on object 'Object Repository/Page_/input_Sign In_username'

2022-08-19 09:08:46 - [MESSAGE][PASSED] - Text 'admin@makmurbersama.co.id' is set on object 'Object Repository/Page_/input_Sign In_username'

2022-08-19 09:08:46 - [TEST_STEP][PASSED] - setText(findTestObject("Object Repository/Page_/input_Sign In_password"), password): Text '@dminOK2021' is set on object 'Object Repository/Page_/input_Sign In_password'

2022-08-19 09:08:47 - [MESSAGE][PASSED] - Text '@dminOK2021' is set on object 'Object Repository/Page_/input_Sign In_password'

2022-08-19 09:08:47 - [TEST_STEP][PASSED] - click(findTestObject("Object Repository/Page_/button_Login")): Object: 'Object Repository/Page_/button_Login' is clicked on

2022-08-19 09:08:49 - [MESSAGE][PASSED] - Object: 'Object Repository/Page_/button_Login' is clicked on

2022-08-19 09:08:49 - [TEST_STEP][PASSED] - maximizeWindow(): Current window maximized

2022-08-19 09:08:49 - [MESSAGE][PASSED] - Current window maximized

2022-08-19 09:08:49 - [TEST_STEP][PASSED] - mouseOver(findTestObject("Object Repository/Page_- Invelli Microfinance System/span_Root")): Object: 'Object Repository/Page_- Invelli Microfinance System/span_Root' is hovered

2022-08-19 09:09:20 - [MESSAGE][INFO] - Unable to find the element located by 'By.xpath: (.//*[normalize-space(text()) and normalize-space(.)='Pendaftaran User - Butuh Otorisasi'])[7]/following::span[1]'. Please recheck the objects properties to make sure the desired element is located. 

2022-08-19 09:09:20 - [MESSAGE][WARNING] - [SELF-HEALING] Failed to find element with id 'Object Repository/Page_- Invelli Microfinance System/span_Root'. Try using Self-healing.

2022-08-19 09:09:20 - [MESSAGE][INFO] - [SELF-HEALING] Failed Locator: '(.//*[normalize-space(text()) and normalize-space(.)='Pendaftaran User - Butuh Otorisasi'])[7]/following::span[1]'.

2022-08-19 09:09:21 - [MESSAGE][INFO] - [SELF-HEALING] Failed Locator: '(.//*[normalize-space(text()) and normalize-space(.)='DEP3412101010- Pembukaan Deposito - Butuh Otorisasi'])[2]/following::span[4]'.

2022-08-19 09:09:21 - [MESSAGE][INFO] - [SELF-HEALING] Working Locator: '(.//*[normalize-space(text()) and normalize-space(.)='Dashboard'])[1]/preceding::span[2]'.

2022-08-19 09:09:21 - [MESSAGE][INFO] - [SELF-HEALING] Screenshot: C:/Users/invel/git/MyTestProject/Reports/Self-healing/Object Repository/Page_- Invelli Microfinance System/span_Root_neighbor.png

2022-08-19 09:09:21 - [MESSAGE][WARNING] - [SELF-HEALING] The current locator of test object 'Object Repository/Page_- Invelli Microfinance System/span_Root' was broken. Propose an alternative one: '(.//*[normalize-space(text()) and normalize-space(.)='Dashboard'])[1]/preceding::span[2]'.

2022-08-19 09:09:21 - [MESSAGE][PASSED] - Object: 'Object Repository/Page_- Invelli Microfinance System/span_Root' is hovered

2022-08-19 09:09:21 - [TEST_STEP][PASSED] - click(findTestObject("Object Repository/Page_- Invelli Microfinance System/a_Log Out")): Object: 'Object Repository/Page_- Invelli Microfinance System/a_Log Out' is clicked on

2022-08-19 09:09:22 - [MESSAGE][PASSED] - Object: 'Object Repository/Page_- Invelli Microfinance System/a_Log Out' is clicked on

2022-08-19 09:09:22 - [TEST_STEP][PASSED] - closeBrowser(): Browser is closed

2022-08-19 09:09:23 - [MESSAGE][PASSED] - Browser is closed]]></system-out>
         <system-err><![CDATA[]]></system-err>
      </testcase>
      <testcase name="Test Cases/TC_Login_Success" time="70.805" classname="Test Cases/TC_Login_Success" status="PASSED">
         <system-out><![CDATA[2022-08-19 09:09:23 - [TEST_CASE][PASSED] - Test Cases/TC_Login_Success: Test Cases/TC_Login_Success

2022-08-19 09:09:23 - [TEST_STEP][PASSED] - openBrowser(""): Browser is opened with url: ''

2022-08-19 09:09:23 - [MESSAGE][INFO] - Starting 'Chrome' driver

2022-08-19 09:09:23 - [MESSAGE][INFO] - Action delay is set to 0 milliseconds

2022-08-19 09:09:24 - [MESSAGE][PASSED] - Browser is opened with url: ''

2022-08-19 09:09:24 - [TEST_STEP][PASSED] - navigateToUrl("http://demokoperasi.invelli.com/general/adminlogin/"): Navigate to 'http://demokoperasi.invelli.com/general/adminlogin/' successfully

2022-08-19 09:09:25 - [MESSAGE][PASSED] - Navigate to 'http://demokoperasi.invelli.com/general/adminlogin/' successfully

2022-08-19 09:09:25 - [TEST_STEP][PASSED] - setText(findTestObject("Object Repository/Page_/input_Sign In_username"), username): Text 'iqbal@makmurbersama.co.id' is set on object 'Object Repository/Page_/input_Sign In_username'

2022-08-19 09:09:26 - [MESSAGE][PASSED] - Text 'iqbal@makmurbersama.co.id' is set on object 'Object Repository/Page_/input_Sign In_username'

2022-08-19 09:09:26 - [TEST_STEP][PASSED] - setText(findTestObject("Object Repository/Page_/input_Sign In_password"), password): Text 'iqbal' is set on object 'Object Repository/Page_/input_Sign In_password'

2022-08-19 09:09:27 - [MESSAGE][PASSED] - Text 'iqbal' is set on object 'Object Repository/Page_/input_Sign In_password'

2022-08-19 09:09:27 - [TEST_STEP][PASSED] - click(findTestObject("Object Repository/Page_/button_Login")): Object: 'Object Repository/Page_/button_Login' is clicked on

2022-08-19 09:09:29 - [MESSAGE][PASSED] - Object: 'Object Repository/Page_/button_Login' is clicked on

2022-08-19 09:09:29 - [TEST_STEP][PASSED] - maximizeWindow(): Current window maximized

2022-08-19 09:09:29 - [MESSAGE][PASSED] - Current window maximized

2022-08-19 09:09:29 - [TEST_STEP][PASSED] - mouseOver(findTestObject("Object Repository/Page_- Invelli Microfinance System/span_Root")): Object: 'Object Repository/Page_- Invelli Microfinance System/span_Root' is hovered

2022-08-19 09:10:00 - [MESSAGE][INFO] - Unable to find the element located by 'By.xpath: (.//*[normalize-space(text()) and normalize-space(.)='Pendaftaran User - Butuh Otorisasi'])[7]/following::span[1]'. Please recheck the objects properties to make sure the desired element is located. 

2022-08-19 09:10:00 - [MESSAGE][WARNING] - [SELF-HEALING] Failed to find element with id 'Object Repository/Page_- Invelli Microfinance System/span_Root'. Try using Self-healing.

2022-08-19 09:10:00 - [MESSAGE][WARNING] - [SELF-HEALING] The current locator of test object 'Object Repository/Page_- Invelli Microfinance System/span_Root' was broken. Propose an alternative one: '(.//*[normalize-space(text()) and normalize-space(.)='Dashboard'])[1]/preceding::span[2]'.

2022-08-19 09:10:01 - [MESSAGE][PASSED] - Object: 'Object Repository/Page_- Invelli Microfinance System/span_Root' is hovered

2022-08-19 09:10:01 - [TEST_STEP][PASSED] - click(findTestObject("Object Repository/Page_- Invelli Microfinance System/a_Log Out")): Object: 'Object Repository/Page_- Invelli Microfinance System/a_Log Out' is clicked on

2022-08-19 09:10:32 - [MESSAGE][INFO] - Unable to find the element located by 'By.xpath: (.//*[normalize-space(text()) and normalize-space(.)='Root'])[1]/following::a[1]'. Please recheck the objects properties to make sure the desired element is located. 

2022-08-19 09:10:32 - [MESSAGE][WARNING] - [SELF-HEALING] Failed to find element with id 'Object Repository/Page_- Invelli Microfinance System/a_Log Out'. Try using Self-healing.

2022-08-19 09:10:32 - [MESSAGE][INFO] - [SELF-HEALING] Failed Locator: '(.//*[normalize-space(text()) and normalize-space(.)='Root'])[1]/following::a[1]'.

2022-08-19 09:10:32 - [MESSAGE][INFO] - [SELF-HEALING] Failed Locator: '(.//*[normalize-space(text()) and normalize-space(.)='Pendaftaran User - Butuh Otorisasi'])[7]/following::a[2]'.

2022-08-19 09:10:33 - [MESSAGE][INFO] - [SELF-HEALING] Working Locator: '(.//*[normalize-space(text()) and normalize-space(.)='Dashboard'])[1]/preceding::a[3]'.

2022-08-19 09:10:33 - [MESSAGE][INFO] - [SELF-HEALING] Screenshot: C:/Users/invel/git/MyTestProject/Reports/Self-healing/Object Repository/Page_- Invelli Microfinance System/a_Log Out_neighbor.png

2022-08-19 09:10:33 - [MESSAGE][WARNING] - [SELF-HEALING] The current locator of test object 'Object Repository/Page_- Invelli Microfinance System/a_Log Out' was broken. Propose an alternative one: '(.//*[normalize-space(text()) and normalize-space(.)='Dashboard'])[1]/preceding::a[3]'.

2022-08-19 09:10:33 - [MESSAGE][PASSED] - Object: 'Object Repository/Page_- Invelli Microfinance System/a_Log Out' is clicked on

2022-08-19 09:10:33 - [TEST_STEP][PASSED] - closeBrowser(): Browser is closed

2022-08-19 09:10:34 - [MESSAGE][PASSED] - Browser is closed]]></system-out>
         <system-err><![CDATA[]]></system-err>
      </testcase>
      <testcase name="Test Cases/TC_Login_Success" time="70.389" classname="Test Cases/TC_Login_Success" status="PASSED">
         <system-out><![CDATA[2022-08-19 09:10:34 - [TEST_CASE][PASSED] - Test Cases/TC_Login_Success: Test Cases/TC_Login_Success

2022-08-19 09:10:34 - [TEST_STEP][PASSED] - openBrowser(""): Browser is opened with url: ''

2022-08-19 09:10:34 - [MESSAGE][INFO] - Starting 'Chrome' driver

2022-08-19 09:10:34 - [MESSAGE][INFO] - Action delay is set to 0 milliseconds

2022-08-19 09:10:35 - [MESSAGE][PASSED] - Browser is opened with url: ''

2022-08-19 09:10:35 - [TEST_STEP][PASSED] - navigateToUrl("http://demokoperasi.invelli.com/general/adminlogin/"): Navigate to 'http://demokoperasi.invelli.com/general/adminlogin/' successfully

2022-08-19 09:10:36 - [MESSAGE][PASSED] - Navigate to 'http://demokoperasi.invelli.com/general/adminlogin/' successfully

2022-08-19 09:10:36 - [TEST_STEP][PASSED] - setText(findTestObject("Object Repository/Page_/input_Sign In_username"), username): Text 'teller1@makmurbersama.co.id' is set on object 'Object Repository/Page_/input_Sign In_username'

2022-08-19 09:10:37 - [MESSAGE][PASSED] - Text 'teller1@makmurbersama.co.id' is set on object 'Object Repository/Page_/input_Sign In_username'

2022-08-19 09:10:37 - [TEST_STEP][PASSED] - setText(findTestObject("Object Repository/Page_/input_Sign In_password"), password): Text 'teller1' is set on object 'Object Repository/Page_/input_Sign In_password'

2022-08-19 09:10:38 - [MESSAGE][PASSED] - Text 'teller1' is set on object 'Object Repository/Page_/input_Sign In_password'

2022-08-19 09:10:38 - [TEST_STEP][PASSED] - click(findTestObject("Object Repository/Page_/button_Login")): Object: 'Object Repository/Page_/button_Login' is clicked on

2022-08-19 09:10:39 - [MESSAGE][PASSED] - Object: 'Object Repository/Page_/button_Login' is clicked on

2022-08-19 09:10:39 - [TEST_STEP][PASSED] - maximizeWindow(): Current window maximized

2022-08-19 09:10:40 - [MESSAGE][PASSED] - Current window maximized

2022-08-19 09:10:40 - [TEST_STEP][PASSED] - mouseOver(findTestObject("Object Repository/Page_- Invelli Microfinance System/span_Root")): Object: 'Object Repository/Page_- Invelli Microfinance System/span_Root' is hovered

2022-08-19 09:11:11 - [MESSAGE][INFO] - Unable to find the element located by 'By.xpath: (.//*[normalize-space(text()) and normalize-space(.)='Pendaftaran User - Butuh Otorisasi'])[7]/following::span[1]'. Please recheck the objects properties to make sure the desired element is located. 

2022-08-19 09:11:11 - [MESSAGE][WARNING] - [SELF-HEALING] Failed to find element with id 'Object Repository/Page_- Invelli Microfinance System/span_Root'. Try using Self-healing.

2022-08-19 09:11:11 - [MESSAGE][WARNING] - [SELF-HEALING] The current locator of test object 'Object Repository/Page_- Invelli Microfinance System/span_Root' was broken. Propose an alternative one: '(.//*[normalize-space(text()) and normalize-space(.)='Dashboard'])[1]/preceding::span[2]'.

2022-08-19 09:11:11 - [MESSAGE][PASSED] - Object: 'Object Repository/Page_- Invelli Microfinance System/span_Root' is hovered

2022-08-19 09:11:11 - [TEST_STEP][PASSED] - click(findTestObject("Object Repository/Page_- Invelli Microfinance System/a_Log Out")): Object: 'Object Repository/Page_- Invelli Microfinance System/a_Log Out' is clicked on

2022-08-19 09:11:43 - [MESSAGE][INFO] - Unable to find the element located by 'By.xpath: (.//*[normalize-space(text()) and normalize-space(.)='Root'])[1]/following::a[1]'. Please recheck the objects properties to make sure the desired element is located. 

2022-08-19 09:11:43 - [MESSAGE][WARNING] - [SELF-HEALING] Failed to find element with id 'Object Repository/Page_- Invelli Microfinance System/a_Log Out'. Try using Self-healing.

2022-08-19 09:11:43 - [MESSAGE][WARNING] - [SELF-HEALING] The current locator of test object 'Object Repository/Page_- Invelli Microfinance System/a_Log Out' was broken. Propose an alternative one: '(.//*[normalize-space(text()) and normalize-space(.)='Dashboard'])[1]/preceding::a[3]'.

2022-08-19 09:11:43 - [MESSAGE][PASSED] - Object: 'Object Repository/Page_- Invelli Microfinance System/a_Log Out' is clicked on

2022-08-19 09:11:43 - [TEST_STEP][PASSED] - closeBrowser(): Browser is closed

2022-08-19 09:11:44 - [MESSAGE][PASSED] - Browser is closed]]></system-out>
         <system-err><![CDATA[]]></system-err>
      </testcase>
      <system-out><![CDATA[2022-08-19 09:08:41 - [TEST_SUITE][PASSED] - TS_Login_Success_ByTDLogin: Test Cases/TC_Login_Success]]></system-out>
      <system-err><![CDATA[]]></system-err>
   </testsuite>
</testsuites>
